### Create mediateksample/m3520b_bnkj from mediateksample/aiot8365p1_64_bsp ###
-------------------------------------------------------------------------------
/ssd/3520_mk/MT8365_Q0_git/device/mediateksample/m3520b_bnkj/AndroidProducts.mk
/ssd/3520_mk/MT8365_Q0_git/device/mediateksample/m3520b_bnkj/BoardConfig.mk
/ssd/3520_mk/MT8365_Q0_git/device/mediateksample/m3520b_bnkj/ProjectConfig.mk
/ssd/3520_mk/MT8365_Q0_git/device/mediateksample/m3520b_bnkj/android.hardware.camera.xml
/ssd/3520_mk/MT8365_Q0_git/device/mediateksample/m3520b_bnkj/android.hardware.microphone.xml
/ssd/3520_mk/MT8365_Q0_git/device/mediateksample/m3520b_bnkj/android.hardware.telephony.gsm.xml
/ssd/3520_mk/MT8365_Q0_git/device/mediateksample/m3520b_bnkj/android.hardware.usb.host.xml
/ssd/3520_mk/MT8365_Q0_git/device/mediateksample/m3520b_bnkj/audio_policy.conf
/ssd/3520_mk/MT8365_Q0_git/device/mediateksample/m3520b_bnkj/audio_policy_config/audio_policy_configuration.xml
/ssd/3520_mk/MT8365_Q0_git/device/mediateksample/m3520b_bnkj/bluetooth/bdroid_buildcfg.h
/ssd/3520_mk/MT8365_Q0_git/device/mediateksample/m3520b_bnkj/device.mk
/ssd/3520_mk/MT8365_Q0_git/device/mediateksample/m3520b_bnkj/dolby/ds1-default.xml
/ssd/3520_mk/MT8365_Q0_git/device/mediateksample/m3520b_bnkj/egl.cfg
/ssd/3520_mk/MT8365_Q0_git/device/mediateksample/m3520b_bnkj/element_pool.cfg
/ssd/3520_mk/MT8365_Q0_git/device/mediateksample/m3520b_bnkj/factory_init.project.rc
/ssd/3520_mk/MT8365_Q0_git/device/mediateksample/m3520b_bnkj/full_m3520b_bnkj.mk
/ssd/3520_mk/MT8365_Q0_git/device/mediateksample/m3520b_bnkj/handheld_core_hardware.xml
/ssd/3520_mk/MT8365_Q0_git/device/mediateksample/m3520b_bnkj/init.modem.rc
/ssd/3520_mk/MT8365_Q0_git/device/mediateksample/m3520b_bnkj/init.project.rc
/ssd/3520_mk/MT8365_Q0_git/device/mediateksample/m3520b_bnkj/init.recovery.mt8168.rc
/ssd/3520_mk/MT8365_Q0_git/device/mediateksample/m3520b_bnkj/meta_init.modem.rc
/ssd/3520_mk/MT8365_Q0_git/device/mediateksample/m3520b_bnkj/meta_init.project.rc
/ssd/3520_mk/MT8365_Q0_git/device/mediateksample/m3520b_bnkj/mixer_paths.xml
/ssd/3520_mk/MT8365_Q0_git/device/mediateksample/m3520b_bnkj/mtk-kpd.kl
/ssd/3520_mk/MT8365_Q0_git/device/mediateksample/m3520b_bnkj/mtk_bt_mesh.conf
/ssd/3520_mk/MT8365_Q0_git/device/mediateksample/m3520b_bnkj/nfc.cfg
/ssd/3520_mk/MT8365_Q0_git/device/mediateksample/m3520b_bnkj/nfcse.cfg
/ssd/3520_mk/MT8365_Q0_git/device/mediateksample/m3520b_bnkj/overlay/vendor/mediatek/proprietary/packages/apps/Bluetooth/res/values/config.xml
/ssd/3520_mk/MT8365_Q0_git/device/mediateksample/m3520b_bnkj/overlay/vendor/mediatek/proprietary/packages/apps/MtkSettings/res/values/arrays.xml
/ssd/3520_mk/MT8365_Q0_git/device/mediateksample/m3520b_bnkj/overlay/vendor/mediatek/proprietary/packages/apps/MtkSettings/res/xml/display_settings.xml
/ssd/3520_mk/MT8365_Q0_git/device/mediateksample/m3520b_bnkj/overlay/vendor/mediatek/proprietary/packages/apps/SettingsProvider/res/values/defaults.xml
/ssd/3520_mk/MT8365_Q0_git/device/mediateksample/m3520b_bnkj/page_list.cfg
/ssd/3520_mk/MT8365_Q0_git/device/mediateksample/m3520b_bnkj/partition/Android.mk
/ssd/3520_mk/MT8365_Q0_git/device/mediateksample/m3520b_bnkj/partition/partition.xml
/ssd/3520_mk/MT8365_Q0_git/device/mediateksample/m3520b_bnkj/partition/partition_dynamic.xml
/ssd/3520_mk/MT8365_Q0_git/device/mediateksample/m3520b_bnkj/partition/scatter.json
/ssd/3520_mk/MT8365_Q0_git/device/mediateksample/m3520b_bnkj/recovery.fstab
/ssd/3520_mk/MT8365_Q0_git/device/mediateksample/m3520b_bnkj/recovery_emmc.fstab
/ssd/3520_mk/MT8365_Q0_git/device/mediateksample/m3520b_bnkj/recovery_ubifs.fstab
/ssd/3520_mk/MT8365_Q0_git/device/mediateksample/m3520b_bnkj/recovery_yaffs2.fstab
/ssd/3520_mk/MT8365_Q0_git/device/mediateksample/m3520b_bnkj/relpkg.txt
/ssd/3520_mk/MT8365_Q0_git/device/mediateksample/m3520b_bnkj/sbk-kpd.kcm
/ssd/3520_mk/MT8365_Q0_git/device/mediateksample/m3520b_bnkj/sbk-kpd.kl
/ssd/3520_mk/MT8365_Q0_git/device/mediateksample/m3520b_bnkj/secro.img
/ssd/3520_mk/MT8365_Q0_git/device/mediateksample/m3520b_bnkj/srs_processing.cfg
/ssd/3520_mk/MT8365_Q0_git/device/mediateksample/m3520b_bnkj/system.prop
/ssd/3520_mk/MT8365_Q0_git/device/mediateksample/m3520b_bnkj/thermal.off.conf
/ssd/3520_mk/MT8365_Q0_git/kernel-4.14/arch/arm64/boot/dts/mediatek/m3520b_bnkj.dts
/ssd/3520_mk/MT8365_Q0_git/kernel-4.14/arch/arm64/configs/m3520b_bnkj_debug_defconfig
/ssd/3520_mk/MT8365_Q0_git/kernel-4.14/arch/arm64/configs/m3520b_bnkj_defconfig
/ssd/3520_mk/MT8365_Q0_git/vendor/mediatek/libs/m3520b_bnkj/device-vendor.mk
/ssd/3520_mk/MT8365_Q0_git/vendor/mediatek/proprietary/bootable/bootloader/lk/project/m3520b_bnkj.mk
/ssd/3520_mk/MT8365_Q0_git/vendor/mediatek/proprietary/bootable/bootloader/lk/target/m3520b_bnkj/README
/ssd/3520_mk/MT8365_Q0_git/vendor/mediatek/proprietary/bootable/bootloader/lk/target/m3520b_bnkj/cust_display.c
/ssd/3520_mk/MT8365_Q0_git/vendor/mediatek/proprietary/bootable/bootloader/lk/target/m3520b_bnkj/cust_leds.c
/ssd/3520_mk/MT8365_Q0_git/vendor/mediatek/proprietary/bootable/bootloader/lk/target/m3520b_bnkj/cust_msdc.c
/ssd/3520_mk/MT8365_Q0_git/vendor/mediatek/proprietary/bootable/bootloader/lk/target/m3520b_bnkj/dct/dct/codegen.dws
/ssd/3520_mk/MT8365_Q0_git/vendor/mediatek/proprietary/bootable/bootloader/lk/target/m3520b_bnkj/fastboot_oem_commands.c
/ssd/3520_mk/MT8365_Q0_git/vendor/mediatek/proprietary/bootable/bootloader/lk/target/m3520b_bnkj/inc/avbkey.h
/ssd/3520_mk/MT8365_Q0_git/vendor/mediatek/proprietary/bootable/bootloader/lk/target/m3520b_bnkj/inc/cust_leds.h
/ssd/3520_mk/MT8365_Q0_git/vendor/mediatek/proprietary/bootable/bootloader/lk/target/m3520b_bnkj/inc/cust_nand.h
/ssd/3520_mk/MT8365_Q0_git/vendor/mediatek/proprietary/bootable/bootloader/lk/target/m3520b_bnkj/inc/nand_device_list.h
/ssd/3520_mk/MT8365_Q0_git/vendor/mediatek/proprietary/bootable/bootloader/lk/target/m3520b_bnkj/inc/oemkey.h
/ssd/3520_mk/MT8365_Q0_git/vendor/mediatek/proprietary/bootable/bootloader/lk/target/m3520b_bnkj/include/target/board.h
/ssd/3520_mk/MT8365_Q0_git/vendor/mediatek/proprietary/bootable/bootloader/lk/target/m3520b_bnkj/include/target/cust_battery.h
/ssd/3520_mk/MT8365_Q0_git/vendor/mediatek/proprietary/bootable/bootloader/lk/target/m3520b_bnkj/include/target/cust_display.h
/ssd/3520_mk/MT8365_Q0_git/vendor/mediatek/proprietary/bootable/bootloader/lk/target/m3520b_bnkj/include/target/cust_key.h
/ssd/3520_mk/MT8365_Q0_git/vendor/mediatek/proprietary/bootable/bootloader/lk/target/m3520b_bnkj/include/target/cust_msdc.h
/ssd/3520_mk/MT8365_Q0_git/vendor/mediatek/proprietary/bootable/bootloader/lk/target/m3520b_bnkj/include/target/cust_rtc.h
/ssd/3520_mk/MT8365_Q0_git/vendor/mediatek/proprietary/bootable/bootloader/lk/target/m3520b_bnkj/include/target/cust_usb.h
/ssd/3520_mk/MT8365_Q0_git/vendor/mediatek/proprietary/bootable/bootloader/lk/target/m3520b_bnkj/include/target/debugconfig.h
/ssd/3520_mk/MT8365_Q0_git/vendor/mediatek/proprietary/bootable/bootloader/lk/target/m3520b_bnkj/init.c
/ssd/3520_mk/MT8365_Q0_git/vendor/mediatek/proprietary/bootable/bootloader/lk/target/m3520b_bnkj/power_off.c
/ssd/3520_mk/MT8365_Q0_git/vendor/mediatek/proprietary/bootable/bootloader/lk/target/m3520b_bnkj/rules.mk
/ssd/3520_mk/MT8365_Q0_git/vendor/mediatek/proprietary/bootable/bootloader/lk/target/m3520b_bnkj/tools/makefile
/ssd/3520_mk/MT8365_Q0_git/vendor/mediatek/proprietary/bootable/bootloader/lk/target/m3520b_bnkj/tools/mkheader.c
/ssd/3520_mk/MT8365_Q0_git/vendor/mediatek/proprietary/bootable/bootloader/preloader/custom/m3520b_bnkj/cust_bldr.mak
/ssd/3520_mk/MT8365_Q0_git/vendor/mediatek/proprietary/bootable/bootloader/preloader/custom/m3520b_bnkj/cust_msdc.c
/ssd/3520_mk/MT8365_Q0_git/vendor/mediatek/proprietary/bootable/bootloader/preloader/custom/m3520b_bnkj/dct/dct/codegen.dws
/ssd/3520_mk/MT8365_Q0_git/vendor/mediatek/proprietary/bootable/bootloader/preloader/custom/m3520b_bnkj/inc/cust_bldr.h
/ssd/3520_mk/MT8365_Q0_git/vendor/mediatek/proprietary/bootable/bootloader/preloader/custom/m3520b_bnkj/inc/cust_msdc.h
/ssd/3520_mk/MT8365_Q0_git/vendor/mediatek/proprietary/bootable/bootloader/preloader/custom/m3520b_bnkj/inc/cust_nand.h
/ssd/3520_mk/MT8365_Q0_git/vendor/mediatek/proprietary/bootable/bootloader/preloader/custom/m3520b_bnkj/inc/cust_rtc.h
/ssd/3520_mk/MT8365_Q0_git/vendor/mediatek/proprietary/bootable/bootloader/preloader/custom/m3520b_bnkj/inc/cust_sec_ctrl.h
/ssd/3520_mk/MT8365_Q0_git/vendor/mediatek/proprietary/bootable/bootloader/preloader/custom/m3520b_bnkj/inc/cust_usb.h
/ssd/3520_mk/MT8365_Q0_git/vendor/mediatek/proprietary/bootable/bootloader/preloader/custom/m3520b_bnkj/inc/custom_MemoryDevice.h
/ssd/3520_mk/MT8365_Q0_git/vendor/mediatek/proprietary/bootable/bootloader/preloader/custom/m3520b_bnkj/inc/dakey.h
/ssd/3520_mk/MT8365_Q0_git/vendor/mediatek/proprietary/bootable/bootloader/preloader/custom/m3520b_bnkj/inc/memory.h
/ssd/3520_mk/MT8365_Q0_git/vendor/mediatek/proprietary/bootable/bootloader/preloader/custom/m3520b_bnkj/inc/oemkey.h
/ssd/3520_mk/MT8365_Q0_git/vendor/mediatek/proprietary/bootable/bootloader/preloader/custom/m3520b_bnkj/m3520b_bnkj.mk
/ssd/3520_mk/MT8365_Q0_git/vendor/mediatek/proprietary/bootable/bootloader/preloader/custom/m3520b_bnkj/makefile
/ssd/3520_mk/MT8365_Q0_git/vendor/mediatek/proprietary/bootable/bootloader/preloader/custom/m3520b_bnkj/security/chip_config/s/cfg/PADDING_TYPE.ini
/ssd/3520_mk/MT8365_Q0_git/vendor/mediatek/proprietary/bootable/bootloader/preloader/custom/m3520b_bnkj/security/chip_config/s/cfg/PBP_PY_SUPPORT
/ssd/3520_mk/MT8365_Q0_git/vendor/mediatek/proprietary/bootable/bootloader/preloader/custom/m3520b_bnkj/security/chip_config/s/gfh/pl_gfh_config_pss.ini
/ssd/3520_mk/MT8365_Q0_git/vendor/mediatek/proprietary/bootable/bootloader/preloader/custom/m3520b_bnkj/security/chip_config/s/key/img_prvk.pem
/ssd/3520_mk/MT8365_Q0_git/vendor/mediatek/proprietary/bootable/bootloader/preloader/custom/m3520b_bnkj/security/chip_config/s/key/pl_content.ini
/ssd/3520_mk/MT8365_Q0_git/vendor/mediatek/proprietary/bootable/bootloader/preloader/custom/m3520b_bnkj/security/chip_config/s/key/pl_key.ini
/ssd/3520_mk/MT8365_Q0_git/vendor/mediatek/proprietary/bootable/bootloader/preloader/custom/m3520b_bnkj/security/chip_config/s/key/root_prvk.pem
/ssd/3520_mk/MT8365_Q0_git/vendor/mediatek/proprietary/bootable/bootloader/preloader/custom/m3520b_bnkj/security/image_auth/IMG_AUTH_CFG.ini
/ssd/3520_mk/MT8365_Q0_git/vendor/mediatek/proprietary/bootable/bootloader/preloader/custom/m3520b_bnkj/security/image_auth/IMG_AUTH_KEY.ini
/ssd/3520_mk/MT8365_Q0_git/vendor/mediatek/proprietary/bootable/bootloader/preloader/custom/m3520b_bnkj/security/image_auth/VERIFIED_BOOT_IMG_AUTH_KEY.ini
/ssd/3520_mk/MT8365_Q0_git/vendor/mediatek/proprietary/bootable/bootloader/preloader/custom/m3520b_bnkj/security/image_auth/secro.img.ini
/ssd/3520_mk/MT8365_Q0_git/vendor/mediatek/proprietary/bootable/bootloader/preloader/custom/m3520b_bnkj/security/image_auth/sro-lock.img.ini
/ssd/3520_mk/MT8365_Q0_git/vendor/mediatek/proprietary/bootable/bootloader/preloader/custom/m3520b_bnkj/security/image_auth/sro-unlock.img.ini
/ssd/3520_mk/MT8365_Q0_git/vendor/mediatek/proprietary/custom/m3520b_bnkj/Android.mk
/ssd/3520_mk/MT8365_Q0_git/vendor/mediatek/proprietary/custom/m3520b_bnkj/cgen/cfgdefault/CFG_Custom1_Default.h
/ssd/3520_mk/MT8365_Q0_git/vendor/mediatek/proprietary/custom/m3520b_bnkj/cgen/cfgdefault/CFG_DcxoCap_Default.h
/ssd/3520_mk/MT8365_Q0_git/vendor/mediatek/proprietary/custom/m3520b_bnkj/cgen/cfgdefault/CFG_FG_Default.h
/ssd/3520_mk/MT8365_Q0_git/vendor/mediatek/proprietary/custom/m3520b_bnkj/cgen/cfgdefault/CFG_GPS_Default.h
/ssd/3520_mk/MT8365_Q0_git/vendor/mediatek/proprietary/custom/m3520b_bnkj/cgen/cfgdefault/CFG_PRODUCT_INFO_Default.h
/ssd/3520_mk/MT8365_Q0_git/vendor/mediatek/proprietary/custom/m3520b_bnkj/cgen/cfgdefault/CFG_WIFI_Default.h
/ssd/3520_mk/MT8365_Q0_git/vendor/mediatek/proprietary/custom/m3520b_bnkj/cgen/cfgfileinc/CFG_Custom1_File.h
/ssd/3520_mk/MT8365_Q0_git/vendor/mediatek/proprietary/custom/m3520b_bnkj/cgen/cfgfileinc/CFG_DcxoCap_File.h
/ssd/3520_mk/MT8365_Q0_git/vendor/mediatek/proprietary/custom/m3520b_bnkj/cgen/cfgfileinc/CFG_FG_File.h
/ssd/3520_mk/MT8365_Q0_git/vendor/mediatek/proprietary/custom/m3520b_bnkj/cgen/cfgfileinc/CFG_GPS_File.h
/ssd/3520_mk/MT8365_Q0_git/vendor/mediatek/proprietary/custom/m3520b_bnkj/cgen/cfgfileinc/CFG_PRODUCT_INFO_File.h
/ssd/3520_mk/MT8365_Q0_git/vendor/mediatek/proprietary/custom/m3520b_bnkj/cgen/cfgfileinc/CFG_Wifi_File.h
/ssd/3520_mk/MT8365_Q0_git/vendor/mediatek/proprietary/custom/m3520b_bnkj/cgen/inc/CFG_file_info_custom.h
/ssd/3520_mk/MT8365_Q0_git/vendor/mediatek/proprietary/custom/m3520b_bnkj/cgen/inc/Custom_NvRam_LID.h
/ssd/3520_mk/MT8365_Q0_git/vendor/mediatek/proprietary/custom/m3520b_bnkj/cgen/inc/Custom_NvRam_data_item.h
/ssd/3520_mk/MT8365_Q0_git/vendor/mediatek/proprietary/custom/m3520b_bnkj/cgen/inc/bwcs_custom.h
/ssd/3520_mk/MT8365_Q0_git/vendor/mediatek/proprietary/custom/m3520b_bnkj/cgen/inc/custom_cfg_module_default.h
/ssd/3520_mk/MT8365_Q0_git/vendor/mediatek/proprietary/custom/m3520b_bnkj/cgen/inc/custom_cfg_module_file.h
/ssd/3520_mk/MT8365_Q0_git/vendor/mediatek/proprietary/custom/m3520b_bnkj/cgen/inc/wifi_custom.h
/ssd/3520_mk/MT8365_Q0_git/vendor/mediatek/proprietary/custom/m3520b_bnkj/common/nand_customer.h
/ssd/3520_mk/MT8365_Q0_git/vendor/mediatek/proprietary/custom/m3520b_bnkj/common/nand_device_list.h
/ssd/3520_mk/MT8365_Q0_git/vendor/mediatek/proprietary/custom/m3520b_bnkj/common/nand_devicelist.h
/ssd/3520_mk/MT8365_Q0_git/vendor/mediatek/proprietary/custom/m3520b_bnkj/drm/key.c
/ssd/3520_mk/MT8365_Q0_git/vendor/mediatek/proprietary/custom/m3520b_bnkj/factory/factory.chn.ini
/ssd/3520_mk/MT8365_Q0_git/vendor/mediatek/proprietary/custom/m3520b_bnkj/factory/factory.ini
/ssd/3520_mk/MT8365_Q0_git/vendor/mediatek/proprietary/custom/m3520b_bnkj/factory/inc/cust.h
/ssd/3520_mk/MT8365_Q0_git/vendor/mediatek/proprietary/custom/m3520b_bnkj/factory/inc/cust_bt.h
/ssd/3520_mk/MT8365_Q0_git/vendor/mediatek/proprietary/custom/m3520b_bnkj/factory/inc/cust_fm.h
/ssd/3520_mk/MT8365_Q0_git/vendor/mediatek/proprietary/custom/m3520b_bnkj/factory/inc/cust_fmtx.h
/ssd/3520_mk/MT8365_Q0_git/vendor/mediatek/proprietary/custom/m3520b_bnkj/factory/inc/cust_font.h
/ssd/3520_mk/MT8365_Q0_git/vendor/mediatek/proprietary/custom/m3520b_bnkj/factory/inc/cust_ftm_matv_comm.h
/ssd/3520_mk/MT8365_Q0_git/vendor/mediatek/proprietary/custom/m3520b_bnkj/factory/inc/cust_keys.h
/ssd/3520_mk/MT8365_Q0_git/vendor/mediatek/proprietary/custom/m3520b_bnkj/factory/inc/cust_lcd.h
/ssd/3520_mk/MT8365_Q0_git/vendor/mediatek/proprietary/custom/m3520b_bnkj/factory/inc/cust_led.h
/ssd/3520_mk/MT8365_Q0_git/vendor/mediatek/proprietary/custom/m3520b_bnkj/factory/inc/cust_matv.h
/ssd/3520_mk/MT8365_Q0_git/vendor/mediatek/proprietary/custom/m3520b_bnkj/factory/inc/cust_mcard.h
/ssd/3520_mk/MT8365_Q0_git/vendor/mediatek/proprietary/custom/m3520b_bnkj/factory/inc/cust_touch.h
/ssd/3520_mk/MT8365_Q0_git/vendor/mediatek/proprietary/custom/m3520b_bnkj/factory/res/images/lcd_test_00.png
/ssd/3520_mk/MT8365_Q0_git/vendor/mediatek/proprietary/custom/m3520b_bnkj/factory/res/images/lcd_test_01.png
/ssd/3520_mk/MT8365_Q0_git/vendor/mediatek/proprietary/custom/m3520b_bnkj/factory/res/images/lcd_test_02.png
/ssd/3520_mk/MT8365_Q0_git/vendor/mediatek/proprietary/custom/m3520b_bnkj/factory/res/matv/matv_pattern.jpg
/ssd/3520_mk/MT8365_Q0_git/vendor/mediatek/proprietary/custom/m3520b_bnkj/factory/res/sound/ringtone.wav
/ssd/3520_mk/MT8365_Q0_git/vendor/mediatek/proprietary/custom/m3520b_bnkj/factory/res/sound/testpattern1.wav
/ssd/3520_mk/MT8365_Q0_git/vendor/mediatek/proprietary/custom/m3520b_bnkj/hal/Android.mk
/ssd/3520_mk/MT8365_Q0_git/vendor/mediatek/proprietary/custom/m3520b_bnkj/hal/aal/Android.mk
/ssd/3520_mk/MT8365_Q0_git/vendor/mediatek/proprietary/custom/m3520b_bnkj/hal/aal/README
/ssd/3520_mk/MT8365_Q0_git/vendor/mediatek/proprietary/custom/m3520b_bnkj/hal/aal/cust_aal.cpp
/ssd/3520_mk/MT8365_Q0_git/vendor/mediatek/proprietary/custom/m3520b_bnkj/hal/audioflinger/audio/Audio_Customization_Common.h
/ssd/3520_mk/MT8365_Q0_git/vendor/mediatek/proprietary/custom/m3520b_bnkj/hal/audioflinger/audio/audio_custom_exp.h
/ssd/3520_mk/MT8365_Q0_git/vendor/mediatek/proprietary/custom/m3520b_bnkj/hal/audioflinger/audio/audio_customization.cpp
/ssd/3520_mk/MT8365_Q0_git/vendor/mediatek/proprietary/custom/m3520b_bnkj/hal/audioflinger/audio/audio_customization.h
/ssd/3520_mk/MT8365_Q0_git/vendor/mediatek/proprietary/custom/m3520b_bnkj/hal/bluetooth/cust_bt.h
/ssd/3520_mk/MT8365_Q0_git/vendor/mediatek/proprietary/custom/m3520b_bnkj/hal/imgsensor_src/Android.mk
/ssd/3520_mk/MT8365_Q0_git/vendor/mediatek/proprietary/custom/m3520b_bnkj/hal/imgsensor_src/README
/ssd/3520_mk/MT8365_Q0_git/vendor/mediatek/proprietary/custom/m3520b_bnkj/hal/imgsensor_src/camera_calibration_cam_cal.cpp
/ssd/3520_mk/MT8365_Q0_git/vendor/mediatek/proprietary/custom/m3520b_bnkj/hal/imgsensor_src/camera_calibration_cam_cal.h
/ssd/3520_mk/MT8365_Q0_git/vendor/mediatek/proprietary/custom/m3520b_bnkj/hal/imgsensor_src/cfg_setting_imgsensor.cpp
/ssd/3520_mk/MT8365_Q0_git/vendor/mediatek/proprietary/custom/m3520b_bnkj/hal/imgsensor_src/sensorlist.cpp
/ssd/3520_mk/MT8365_Q0_git/vendor/mediatek/proprietary/custom/m3520b_bnkj/hal/matv/matv/mATVdrv_cust.c
/ssd/3520_mk/MT8365_Q0_git/vendor/mediatek/proprietary/custom/m3520b_bnkj/hal/pq/Android.mk
/ssd/3520_mk/MT8365_Q0_git/vendor/mediatek/proprietary/custom/m3520b_bnkj/hal/pq/README
/ssd/3520_mk/MT8365_Q0_git/vendor/mediatek/proprietary/custom/m3520b_bnkj/hal/pq/cust_color.cpp
/ssd/3520_mk/MT8365_Q0_git/vendor/mediatek/proprietary/custom/m3520b_bnkj/hal/pq/cust_gamma.cpp
/ssd/3520_mk/MT8365_Q0_git/vendor/mediatek/proprietary/custom/m3520b_bnkj/hal/pq/cust_pq_main.cpp
/ssd/3520_mk/MT8365_Q0_git/vendor/mediatek/proprietary/custom/m3520b_bnkj/hal/pq/cust_pqdc.cpp
/ssd/3520_mk/MT8365_Q0_git/vendor/mediatek/proprietary/custom/m3520b_bnkj/hal/pq/cust_pqds.cpp
/ssd/3520_mk/MT8365_Q0_git/vendor/mediatek/proprietary/custom/m3520b_bnkj/hal/pq/cust_tdshp.cpp
/ssd/3520_mk/MT8365_Q0_git/vendor/mediatek/proprietary/custom/m3520b_bnkj/hal/sensors/sensor/hwmsen_custom.c
/ssd/3520_mk/MT8365_Q0_git/vendor/mediatek/proprietary/custom/m3520b_bnkj/hal/sensors/sensor/hwmsen_custom.h
/ssd/3520_mk/MT8365_Q0_git/vendor/mediatek/proprietary/custom/m3520b_bnkj/kernel/dct/dct/codegen.dws
/ssd/3520_mk/MT8365_Q0_git/vendor/mediatek/proprietary/custom/m3520b_bnkj/native/custom_user_agent.h
/ssd/3520_mk/MT8365_Q0_git/vendor/mediatek/proprietary/custom/m3520b_bnkj/native/vr/custom_vr_video_drop_rate.h
/ssd/3520_mk/MT8365_Q0_git/vendor/mediatek/proprietary/custom/m3520b_bnkj/secro/AC_REGION
/ssd/3520_mk/MT8365_Q0_git/vendor/mediatek/proprietary/custom/m3520b_bnkj/security/chip_config/s/cfg/CHIP_CONFIG.ini
/ssd/3520_mk/MT8365_Q0_git/vendor/mediatek/proprietary/custom/m3520b_bnkj/security/chip_config/s/cfg/SECURE_JTAG_CONFIG.ini
/ssd/3520_mk/MT8365_Q0_git/vendor/mediatek/proprietary/custom/m3520b_bnkj/security/chip_config/s/gfh/GFH_ANTI_CLONE.txt
/ssd/3520_mk/MT8365_Q0_git/vendor/mediatek/proprietary/custom/m3520b_bnkj/security/chip_config/s/gfh/GFH_HASH_AND_SIG.txt
/ssd/3520_mk/MT8365_Q0_git/vendor/mediatek/proprietary/custom/m3520b_bnkj/security/chip_config/s/gfh/GFH_INFO.txt
/ssd/3520_mk/MT8365_Q0_git/vendor/mediatek/proprietary/custom/m3520b_bnkj/security/chip_config/s/gfh/GFH_INFO_EMMC.txt
/ssd/3520_mk/MT8365_Q0_git/vendor/mediatek/proprietary/custom/m3520b_bnkj/security/chip_config/s/gfh/GFH_INFO_EMMC_MEM.txt
/ssd/3520_mk/MT8365_Q0_git/vendor/mediatek/proprietary/custom/m3520b_bnkj/security/chip_config/s/gfh/GFH_INFO_EMMC_MEM_SRAM.txt
/ssd/3520_mk/MT8365_Q0_git/vendor/mediatek/proprietary/custom/m3520b_bnkj/security/chip_config/s/gfh/GFH_INFO_MEM.txt
/ssd/3520_mk/MT8365_Q0_git/vendor/mediatek/proprietary/custom/m3520b_bnkj/security/chip_config/s/gfh/GFH_INFO_MEM_SRAM.txt
/ssd/3520_mk/MT8365_Q0_git/vendor/mediatek/proprietary/custom/m3520b_bnkj/security/chip_config/s/gfh/GFH_PADDING.txt
/ssd/3520_mk/MT8365_Q0_git/vendor/mediatek/proprietary/custom/m3520b_bnkj/security/chip_config/s/gfh/GFH_SEC_CFG_JTAG_OFF.txt
/ssd/3520_mk/MT8365_Q0_git/vendor/mediatek/proprietary/custom/m3520b_bnkj/security/chip_config/s/gfh/GFH_SEC_CFG_JTAG_ON.txt
/ssd/3520_mk/MT8365_Q0_git/vendor/mediatek/proprietary/custom/m3520b_bnkj/security/chip_config/s/gfh/GFH_SEC_KEY.txt
/ssd/3520_mk/MT8365_Q0_git/vendor/mediatek/proprietary/custom/m3520b_bnkj/security/chip_config/s/key/CHIP_TEST_KEY.ini
/ssd/3520_mk/MT8365_Q0_git/vendor/mediatek/proprietary/custom/m3520b_bnkj/security/image_auth/IMG_AUTH_CFG.ini
/ssd/3520_mk/MT8365_Q0_git/vendor/mediatek/proprietary/custom/m3520b_bnkj/security/image_auth/IMG_AUTH_KEY.ini
/ssd/3520_mk/MT8365_Q0_git/vendor/mediatek/proprietary/custom/m3520b_bnkj/security/image_auth/VERIFIED_BOOT_IMG_AUTH_KEY.ini
/ssd/3520_mk/MT8365_Q0_git/vendor/mediatek/proprietary/custom/m3520b_bnkj/security/image_auth/secro.img.ini
/ssd/3520_mk/MT8365_Q0_git/vendor/mediatek/proprietary/custom/m3520b_bnkj/security/image_auth/sro-lock.img.ini
/ssd/3520_mk/MT8365_Q0_git/vendor/mediatek/proprietary/custom/m3520b_bnkj/security/image_auth/sro-unlock.img.ini
/ssd/3520_mk/MT8365_Q0_git/vendor/mediatek/proprietary/custom/m3520b_bnkj/security/image_encrypt/IMG_ENCRYPT_CFG.ini
/ssd/3520_mk/MT8365_Q0_git/vendor/mediatek/proprietary/custom/m3520b_bnkj/security/image_encrypt/IMG_ENCRYPT_KEY.ini
/ssd/3520_mk/MT8365_Q0_git/vendor/mediatek/proprietary/custom/m3520b_bnkj/security/pl_auth/PL_CFG.ini
/ssd/3520_mk/MT8365_Q0_git/vendor/mediatek/proprietary/custom/m3520b_bnkj/security/recovery/SEC_VER.txt
/ssd/3520_mk/MT8365_Q0_git/vendor/mediatek/proprietary/custom/m3520b_bnkj/security/recovery/SEC_VER1.txt
/ssd/3520_mk/MT8365_Q0_git/vendor/mediatek/proprietary/custom/m3520b_bnkj/security/recovery/SEC_VER2.txt
/ssd/3520_mk/MT8365_Q0_git/vendor/mediatek/proprietary/custom/m3520b_bnkj/security/sec_file_list/ANDRO_SFL.ini
/ssd/3520_mk/MT8365_Q0_git/vendor/mediatek/proprietary/custom/m3520b_bnkj/security/sec_file_list/SECRO_SFL.ini
/ssd/3520_mk/MT8365_Q0_git/vendor/mediatek/proprietary/custom/m3520b_bnkj/security/sec_file_list/SFL_CFG.ini
/ssd/3520_mk/MT8365_Q0_git/vendor/mediatek/proprietary/custom/m3520b_bnkj/security/sml_auth/SML_AUTH_CFG.ini
/ssd/3520_mk/MT8365_Q0_git/vendor/mediatek/proprietary/custom/m3520b_bnkj/security/sml_auth/SML_AUTH_KEY.ini
/ssd/3520_mk/MT8365_Q0_git/vendor/mediatek/proprietary/custom/m3520b_bnkj/security/sml_auth/SML_ENCODE_CFG.ini
/ssd/3520_mk/MT8365_Q0_git/vendor/mediatek/proprietary/custom/m3520b_bnkj/security/sml_auth/SML_ENCODE_KEY.ini
-------------------------------------------------------------------------------
